<?xml version="1.0" encoding="UTF-8"?>
<testng-results ignored="0" total="1" passed="1" failed="0" skipped="0">
  <reporter-output>
  </reporter-output>
  <suite started-at="2024-09-08T17:15:47 IST" name="Default suite" finished-at="2024-09-08T17:16:21 IST" duration-ms="33501">
    <groups>
    </groups>
    <test started-at="2024-09-08T17:15:47 IST" name="Default test" finished-at="2024-09-08T17:16:21 IST" duration-ms="33501">
      <class name="testCases.T03">
        <test-method is-config="true" signature="setUp()[pri:0, instance:testCases.T03@2d52216b]" started-at="2024-09-08T17:15:48 IST" name="setUp" finished-at="2024-09-08T17:16:11 IST" duration-ms="23437" status="PASS">
          <reporter-output>
          </reporter-output>
        </test-method> <!-- setUp -->
        <test-method signature="pricingDetails()[pri:0, instance:testCases.T03@2d52216b]" started-at="2024-09-08T17:16:11 IST" name="pricingDetails" finished-at="2024-09-08T17:16:20 IST" duration-ms="8913" status="PASS">
          <reporter-output>
          </reporter-output>
        </test-method> <!-- pricingDetails -->
        <test-method is-config="true" signature="tearDown()[pri:0, instance:testCases.T03@2d52216b]" started-at="2024-09-08T17:16:20 IST" name="tearDown" finished-at="2024-09-08T17:16:21 IST" duration-ms="1048" status="PASS">
          <reporter-output>
          </reporter-output>
        </test-method> <!-- tearDown -->
      </class> <!-- testCases.T03 -->
    </test> <!-- Default test -->
  </suite> <!-- Default suite -->
</testng-results>
